2022-01-24 11:03:04 0 [Note] InnoDB: Mutexes and rw_locks use Windows interlocked functions
2022-01-24 11:03:04 0 [Note] InnoDB: Uses event mutexes
2022-01-24 11:03:04 0 [Note] InnoDB: Compressed tables use zlib 1.2.11
2022-01-24 11:03:04 0 [Note] InnoDB: Number of pools: 1
2022-01-24 11:03:04 0 [Note] InnoDB: Using SSE2 crc32 instructions
2022-01-24 11:03:04 0 [Note] InnoDB: Initializing buffer pool, total size = 16M, instances = 1, chunk size = 16M
2022-01-24 11:03:04 0 [Note] InnoDB: Completed initialization of buffer pool
2022-01-24 11:03:04 0 [Note] InnoDB: Starting crash recovery from checkpoint LSN=300288
2022-01-24 11:03:04 0 [Note] InnoDB: 128 out of 128 rollback segments are active.
2022-01-24 11:03:04 0 [Note] InnoDB: Removed temporary tablespace data file: "ibtmp1"
2022-01-24 11:03:04 0 [Note] InnoDB: Creating shared tablespace for temporary tables
2022-01-24 11:03:04 0 [Note] InnoDB: Setting file 'D:\XAMPP\mysql\data\ibtmp1' size to 12 MB. Physically writing the file full; Please wait ...
2022-01-24 11:03:04 0 [Note] InnoDB: File 'D:\XAMPP\mysql\data\ibtmp1' size is now 12 MB.
2022-01-24 11:03:04 0 [Note] InnoDB: Waiting for purge to start
2022-01-24 11:03:04 0 [Note] InnoDB: 10.4.22 started; log sequence number 300297; transaction id 170
2022-01-24 11:03:04 0 [Note] Plugin 'FEEDBACK' is disabled.
2022-01-24 11:03:04 0 [Note] InnoDB: Loading buffer pool(s) from D:\XAMPP\mysql\data\ib_buffer_pool
2022-01-24 11:03:04 0 [Note] Server socket created on IP: '::'.
2022-01-24 11:03:19 0 [Note] InnoDB: Mutexes and rw_locks use Windows interlocked functions
2022-01-24 11:03:19 0 [Note] InnoDB: Uses event mutexes
2022-01-24 11:03:19 0 [Note] InnoDB: Compressed tables use zlib 1.2.11
2022-01-24 11:03:19 0 [Note] InnoDB: Number of pools: 1
2022-01-24 11:03:19 0 [Note] InnoDB: Using SSE2 crc32 instructions
2022-01-24 11:03:19 0 [Note] InnoDB: Initializing buffer pool, total size = 16M, instances = 1, chunk size = 16M
2022-01-24 11:03:19 0 [Note] InnoDB: Completed initialization of buffer pool
2022-01-24 11:03:19 0 [Note] InnoDB: Starting crash recovery from checkpoint LSN=300306
2022-01-24 11:03:20 0 [Note] InnoDB: 128 out of 128 rollback segments are active.
2022-01-24 11:03:20 0 [Note] InnoDB: Removed temporary tablespace data file: "ibtmp1"
2022-01-24 11:03:20 0 [Note] InnoDB: Creating shared tablespace for temporary tables
2022-01-24 11:03:20 0 [Note] InnoDB: Setting file 'D:\XAMPP\mysql\data\ibtmp1' size to 12 MB. Physically writing the file full; Please wait ...
2022-01-24 11:03:20 0 [Note] InnoDB: File 'D:\XAMPP\mysql\data\ibtmp1' size is now 12 MB.
2022-01-24 11:03:20 0 [Note] InnoDB: Waiting for purge to start
2022-01-24 11:03:20 0 [Note] InnoDB: 10.4.22 started; log sequence number 300315; transaction id 170
2022-01-24 11:03:20 0 [Note] InnoDB: Loading buffer pool(s) from D:\XAMPP\mysql\data\ib_buffer_pool
2022-01-24 11:03:20 0 [Note] Plugin 'FEEDBACK' is disabled.
2022-01-24 11:03:20 0 [Note] Server socket created on IP: '::'.
2022-02-28 18:38:36 0 [Note] InnoDB: Mutexes and rw_locks use Windows interlocked functions
2022-02-28 18:38:36 0 [Note] InnoDB: Uses event mutexes
2022-02-28 18:38:36 0 [Note] InnoDB: Compressed tables use zlib 1.2.11
2022-02-28 18:38:36 0 [Note] InnoDB: Number of pools: 1
2022-02-28 18:38:36 0 [Note] InnoDB: Using SSE2 crc32 instructions
2022-02-28 18:38:36 0 [Note] InnoDB: Initializing buffer pool, total size = 16M, instances = 1, chunk size = 16M
2022-02-28 18:38:36 0 [Note] InnoDB: Completed initialization of buffer pool
2022-02-28 18:38:36 0 [Note] InnoDB: Starting crash recovery from checkpoint LSN=346378
2022-02-28 18:38:36 0 [Note] InnoDB: 128 out of 128 rollback segments are active.
2022-02-28 18:38:36 0 [Note] InnoDB: Removed temporary tablespace data file: "ibtmp1"
2022-02-28 18:38:36 0 [Note] InnoDB: Creating shared tablespace for temporary tables
2022-02-28 18:38:36 0 [Note] InnoDB: Setting file 'D:\XAMPP\mysql\data\ibtmp1' size to 12 MB. Physically writing the file full; Please wait ...
2022-02-28 18:38:36 0 [Note] InnoDB: File 'D:\XAMPP\mysql\data\ibtmp1' size is now 12 MB.
2022-02-28 18:38:36 0 [Note] InnoDB: Waiting for purge to start
2022-02-28 18:38:36 0 [Note] InnoDB: 10.4.22 started; log sequence number 346387; transaction id 312
2022-02-28 18:38:36 0 [Note] Plugin 'FEEDBACK' is disabled.
2022-02-28 18:38:36 0 [Note] InnoDB: Loading buffer pool(s) from D:\XAMPP\mysql\data\ib_buffer_pool
2022-02-28 18:38:37 0 [Note] InnoDB: Buffer pool(s) load completed at 220228 18:38:37
2022-02-28 18:38:37 0 [Note] Server socket created on IP: '::'.
2022-02-28 18:38:37 0 [Note] Reading of all Master_info entries succeeded
2022-02-28 18:38:37 0 [Note] Added new Master_info '' to hash table
2022-02-28 18:38:37 0 [Note] mysql\bin\mysqld.exe: ready for connections.
Version: '10.4.22-MariaDB'  socket: ''  port: 3306  mariadb.org binary distribution
2022-02-28 18:39:24 0 [Note] InnoDB: Mutexes and rw_locks use Windows interlocked functions
2022-02-28 18:39:24 0 [Note] InnoDB: Uses event mutexes
2022-02-28 18:39:24 0 [Note] InnoDB: Compressed tables use zlib 1.2.11
2022-02-28 18:39:24 0 [Note] InnoDB: Number of pools: 1
2022-02-28 18:39:24 0 [Note] InnoDB: Using SSE2 crc32 instructions
2022-02-28 18:39:24 0 [Note] InnoDB: Initializing buffer pool, total size = 16M, instances = 1, chunk size = 16M
2022-02-28 18:39:24 0 [Note] InnoDB: Completed initialization of buffer pool
2022-02-28 18:39:24 0 [Note] InnoDB: Starting crash recovery from checkpoint LSN=346396
2022-02-28 18:39:24 0 [Note] InnoDB: 128 out of 128 rollback segments are active.
2022-02-28 18:39:24 0 [Note] InnoDB: Removed temporary tablespace data file: "ibtmp1"
2022-02-28 18:39:24 0 [Note] InnoDB: Creating shared tablespace for temporary tables
2022-02-28 18:39:24 0 [Note] InnoDB: Setting file 'D:\XAMPP\mysql\data\ibtmp1' size to 12 MB. Physically writing the file full; Please wait ...
2022-02-28 18:39:24 0 [Note] InnoDB: File 'D:\XAMPP\mysql\data\ibtmp1' size is now 12 MB.
2022-02-28 18:39:24 0 [Note] InnoDB: 10.4.22 started; log sequence number 346405; transaction id 312
2022-02-28 18:39:24 0 [Note] InnoDB: Loading buffer pool(s) from D:\XAMPP\mysql\data\ib_buffer_pool
2022-02-28 18:39:24 0 [Note] Plugin 'FEEDBACK' is disabled.
2022-02-28 18:39:24 0 [Note] Server socket created on IP: '::'.
2022-02-28 18:59:41 0 [Note] InnoDB: Mutexes and rw_locks use Windows interlocked functions
2022-02-28 18:59:41 0 [Note] InnoDB: Uses event mutexes
2022-02-28 18:59:41 0 [Note] InnoDB: Compressed tables use zlib 1.2.11
2022-02-28 18:59:41 0 [Note] InnoDB: Number of pools: 1
2022-02-28 18:59:41 0 [Note] InnoDB: Using SSE2 crc32 instructions
2022-02-28 18:59:41 0 [Note] InnoDB: Initializing buffer pool, total size = 16M, instances = 1, chunk size = 16M
2022-02-28 18:59:41 0 [Note] InnoDB: Completed initialization of buffer pool
2022-02-28 18:59:41 0 [Note] InnoDB: Starting crash recovery from checkpoint LSN=350839
2022-02-28 18:59:42 0 [Note] InnoDB: 128 out of 128 rollback segments are active.
2022-02-28 18:59:42 0 [Note] InnoDB: Removed temporary tablespace data file: "ibtmp1"
2022-02-28 18:59:42 0 [Note] InnoDB: Creating shared tablespace for temporary tables
2022-02-28 18:59:42 0 [Note] InnoDB: Setting file 'D:\XAMPP\mysql\data\ibtmp1' size to 12 MB. Physically writing the file full; Please wait ...
2022-02-28 18:59:42 0 [Note] InnoDB: File 'D:\XAMPP\mysql\data\ibtmp1' size is now 12 MB.
2022-02-28 18:59:42 0 [Note] InnoDB: 10.4.22 started; log sequence number 350848; transaction id 324
2022-02-28 18:59:42 0 [Note] InnoDB: Loading buffer pool(s) from D:\XAMPP\mysql\data\ib_buffer_pool
2022-02-28 18:59:42 0 [Note] Plugin 'FEEDBACK' is disabled.
2022-02-28 18:59:42 0 [Note] Server socket created on IP: '::'.
2022-03-04 13:47:49 0 [Note] InnoDB: Mutexes and rw_locks use Windows interlocked functions
2022-03-04 13:47:49 0 [Note] InnoDB: Uses event mutexes
2022-03-04 13:47:49 0 [Note] InnoDB: Compressed tables use zlib 1.2.11
2022-03-04 13:47:49 0 [Note] InnoDB: Number of pools: 1
2022-03-04 13:47:49 0 [Note] InnoDB: Using SSE2 crc32 instructions
2022-03-04 13:47:49 0 [Note] InnoDB: Initializing buffer pool, total size = 16M, instances = 1, chunk size = 16M
2022-03-04 13:47:49 0 [Note] InnoDB: Completed initialization of buffer pool
2022-03-04 13:47:49 0 [Note] InnoDB: Starting crash recovery from checkpoint LSN=871674
2022-03-04 13:47:49 0 [Note] InnoDB: 128 out of 128 rollback segments are active.
2022-03-04 13:47:49 0 [Note] InnoDB: Removed temporary tablespace data file: "ibtmp1"
2022-03-04 13:47:49 0 [Note] InnoDB: Creating shared tablespace for temporary tables
2022-03-04 13:47:49 0 [Note] InnoDB: Setting file 'D:\XAMPP\mysql\data\ibtmp1' size to 12 MB. Physically writing the file full; Please wait ...
2022-03-04 13:47:49 0 [Note] InnoDB: File 'D:\XAMPP\mysql\data\ibtmp1' size is now 12 MB.
2022-03-04 13:47:49 0 [Note] InnoDB: Waiting for purge to start
2022-03-04 13:47:49 0 [Note] InnoDB: 10.4.22 started; log sequence number 871683; transaction id 679
2022-03-04 13:47:49 0 [Note] Plugin 'FEEDBACK' is disabled.
2022-03-04 13:47:49 0 [Note] InnoDB: Loading buffer pool(s) from D:\XAMPP\mysql\data\ib_buffer_pool
2022-03-04 13:47:49 0 [Note] InnoDB: Buffer pool(s) load completed at 220304 13:47:49
2022-03-04 13:47:49 0 [Note] Server socket created on IP: '::'.
2022-03-13 21:12:24 0 [Note] InnoDB: Mutexes and rw_locks use Windows interlocked functions
2022-03-13 21:12:24 0 [Note] InnoDB: Uses event mutexes
2022-03-13 21:12:24 0 [Note] InnoDB: Compressed tables use zlib 1.2.11
2022-03-13 21:12:24 0 [Note] InnoDB: Number of pools: 1
2022-03-13 21:12:24 0 [Note] InnoDB: Using SSE2 crc32 instructions
2022-03-13 21:12:24 0 [Note] InnoDB: Initializing buffer pool, total size = 16M, instances = 1, chunk size = 16M
2022-03-13 21:12:24 0 [Note] InnoDB: Completed initialization of buffer pool
2022-03-13 21:12:24 0 [Note] InnoDB: Starting crash recovery from checkpoint LSN=872914
2022-03-13 21:12:24 0 [Note] InnoDB: 128 out of 128 rollback segments are active.
2022-03-13 21:12:24 0 [Note] InnoDB: Removed temporary tablespace data file: "ibtmp1"
2022-03-13 21:12:24 0 [Note] InnoDB: Creating shared tablespace for temporary tables
2022-03-13 21:12:24 0 [Note] InnoDB: Setting file 'D:\XAMPP\mysql\data\ibtmp1' size to 12 MB. Physically writing the file full; Please wait ...
2022-03-13 21:12:24 0 [Note] InnoDB: File 'D:\XAMPP\mysql\data\ibtmp1' size is now 12 MB.
2022-03-13 21:12:24 0 [Note] InnoDB: 10.4.22 started; log sequence number 872923; transaction id 702
2022-03-13 21:12:24 0 [Note] InnoDB: Loading buffer pool(s) from D:\XAMPP\mysql\data\ib_buffer_pool
2022-03-13 21:12:24 0 [Note] Plugin 'FEEDBACK' is disabled.
2022-03-13 21:12:24 0 [Note] InnoDB: Buffer pool(s) load completed at 220313 21:12:24
2022-03-13 21:12:24 0 [Note] Server socket created on IP: '::'.
2022-03-16 12:34:44 0 [Note] InnoDB: Mutexes and rw_locks use Windows interlocked functions
2022-03-16 12:34:44 0 [Note] InnoDB: Uses event mutexes
2022-03-16 12:34:44 0 [Note] InnoDB: Compressed tables use zlib 1.2.11
2022-03-16 12:34:44 0 [Note] InnoDB: Number of pools: 1
2022-03-16 12:34:44 0 [Note] InnoDB: Using SSE2 crc32 instructions
2022-03-16 12:34:44 0 [Note] InnoDB: Initializing buffer pool, total size = 16M, instances = 1, chunk size = 16M
2022-03-16 12:34:44 0 [Note] InnoDB: Completed initialization of buffer pool
2022-03-16 12:34:44 0 [Note] InnoDB: Starting crash recovery from checkpoint LSN=941730
2022-03-16 12:34:45 0 [Note] InnoDB: 128 out of 128 rollback segments are active.
2022-03-16 12:34:45 0 [Note] InnoDB: Removed temporary tablespace data file: "ibtmp1"
2022-03-16 12:34:45 0 [Note] InnoDB: Creating shared tablespace for temporary tables
2022-03-16 12:34:45 0 [Note] InnoDB: Setting file 'D:\XAMPP\mysql\data\ibtmp1' size to 12 MB. Physically writing the file full; Please wait ...
2022-03-16 12:34:45 0 [Note] InnoDB: File 'D:\XAMPP\mysql\data\ibtmp1' size is now 12 MB.
2022-03-16 12:34:45 0 [Note] InnoDB: Waiting for purge to start
2022-03-16 12:34:45 0 [Note] InnoDB: 10.4.22 started; log sequence number 941739; transaction id 856
2022-03-16 12:34:45 0 [Note] InnoDB: Loading buffer pool(s) from D:\XAMPP\mysql\data\ib_buffer_pool
2022-03-16 12:34:45 0 [Note] Plugin 'FEEDBACK' is disabled.
2022-03-16 12:34:45 0 [Note] InnoDB: Buffer pool(s) load completed at 220316 12:34:45
2022-03-16 12:34:45 0 [Note] Server socket created on IP: '::'.
2022-03-16 12:40:29 0 [Note] InnoDB: Mutexes and rw_locks use Windows interlocked functions
2022-03-16 12:40:29 0 [Note] InnoDB: Uses event mutexes
2022-03-16 12:40:29 0 [Note] InnoDB: Compressed tables use zlib 1.2.11
2022-03-16 12:40:29 0 [Note] InnoDB: Number of pools: 1
2022-03-16 12:40:29 0 [Note] InnoDB: Using SSE2 crc32 instructions
2022-03-16 12:40:29 0 [Note] InnoDB: Initializing buffer pool, total size = 16M, instances = 1, chunk size = 16M
2022-03-16 12:40:29 0 [Note] InnoDB: Completed initialization of buffer pool
2022-03-16 12:40:29 0 [Note] InnoDB: Starting crash recovery from checkpoint LSN=941748
2022-03-16 12:40:30 0 [Note] InnoDB: Starting final batch to recover 1 pages from redo log.
2022-03-16 12:40:30 0 [Note] InnoDB: 128 out of 128 rollback segments are active.
2022-03-16 12:40:30 0 [Note] InnoDB: Removed temporary tablespace data file: "ibtmp1"
2022-03-16 12:40:30 0 [Note] InnoDB: Creating shared tablespace for temporary tables
2022-03-16 12:40:30 0 [Note] InnoDB: Setting file 'D:\XAMPP\mysql\data\ibtmp1' size to 12 MB. Physically writing the file full; Please wait ...
2022-03-16 12:40:30 0 [Note] InnoDB: File 'D:\XAMPP\mysql\data\ibtmp1' size is now 12 MB.
2022-03-16 12:40:30 0 [Note] InnoDB: Waiting for purge to start
2022-03-16 12:40:30 0 [Note] InnoDB: 10.4.22 started; log sequence number 942002; transaction id 879
2022-03-16 12:40:30 0 [Note] InnoDB: Loading buffer pool(s) from D:\XAMPP\mysql\data\ib_buffer_pool
2022-03-16 12:40:30 0 [Note] Plugin 'FEEDBACK' is disabled.
2022-03-16 12:40:30 0 [Note] Server socket created on IP: '::'.
2022-05-03 13:59:07 0 [Note] InnoDB: Mutexes and rw_locks use Windows interlocked functions
2022-05-03 13:59:07 0 [Note] InnoDB: Uses event mutexes
2022-05-03 13:59:07 0 [Note] InnoDB: Compressed tables use zlib 1.2.11
2022-05-03 13:59:07 0 [Note] InnoDB: Number of pools: 1
2022-05-03 13:59:07 0 [Note] InnoDB: Using SSE2 crc32 instructions
2022-05-03 13:59:07 0 [Note] InnoDB: Initializing buffer pool, total size = 16M, instances = 1, chunk size = 16M
2022-05-03 13:59:07 0 [Note] InnoDB: Completed initialization of buffer pool
2022-05-03 13:59:07 0 [Note] InnoDB: Starting crash recovery from checkpoint LSN=2953332
2022-05-03 13:59:08 0 [Note] InnoDB: 128 out of 128 rollback segments are active.
2022-05-03 13:59:08 0 [Note] InnoDB: Removed temporary tablespace data file: "ibtmp1"
2022-05-03 13:59:08 0 [Note] InnoDB: Creating shared tablespace for temporary tables
2022-05-03 13:59:08 0 [Note] InnoDB: Setting file 'D:\XAMPP\mysql\data\ibtmp1' size to 12 MB. Physically writing the file full; Please wait ...
2022-05-03 13:59:08 0 [Note] InnoDB: File 'D:\XAMPP\mysql\data\ibtmp1' size is now 12 MB.
2022-05-03 13:59:08 0 [Note] InnoDB: Waiting for purge to start
2022-05-03 13:59:08 0 [Note] InnoDB: 10.4.22 started; log sequence number 2953341; transaction id 2689
2022-05-03 13:59:08 0 [Note] InnoDB: Loading buffer pool(s) from D:\XAMPP\mysql\data\ib_buffer_pool
2022-05-03 13:59:08 0 [Note] Plugin 'FEEDBACK' is disabled.
2022-05-03 13:59:08 0 [Note] InnoDB: Buffer pool(s) load completed at 220503 13:59:08
2022-05-03 13:59:08 0 [Note] Server socket created on IP: '::'.
2022-05-03 14:21:03 0 [Note] InnoDB: Mutexes and rw_locks use Windows interlocked functions
2022-05-03 14:21:03 0 [Note] InnoDB: Uses event mutexes
2022-05-03 14:21:03 0 [Note] InnoDB: Compressed tables use zlib 1.2.11
2022-05-03 14:21:03 0 [Note] InnoDB: Number of pools: 1
2022-05-03 14:21:03 0 [Note] InnoDB: Using SSE2 crc32 instructions
2022-05-03 14:21:03 0 [Note] InnoDB: Initializing buffer pool, total size = 16M, instances = 1, chunk size = 16M
2022-05-03 14:21:03 0 [Note] InnoDB: Completed initialization of buffer pool
2022-05-03 14:21:03 0 [Note] InnoDB: Starting crash recovery from checkpoint LSN=2953350
2022-05-03 14:21:03 0 [Note] InnoDB: Starting final batch to recover 1 pages from redo log.
2022-05-03 14:21:04 0 [Note] InnoDB: 128 out of 128 rollback segments are active.
2022-05-03 14:21:04 0 [Note] InnoDB: Removed temporary tablespace data file: "ibtmp1"
2022-05-03 14:21:04 0 [Note] InnoDB: Creating shared tablespace for temporary tables
2022-05-03 14:21:04 0 [Note] InnoDB: Setting file 'D:\XAMPP\mysql\data\ibtmp1' size to 12 MB. Physically writing the file full; Please wait ...
2022-05-03 14:21:04 0 [Note] InnoDB: File 'D:\XAMPP\mysql\data\ibtmp1' size is now 12 MB.
2022-05-03 14:21:04 0 [Note] InnoDB: 10.4.22 started; log sequence number 2953604; transaction id 2712
2022-05-03 14:21:04 0 [Note] Plugin 'FEEDBACK' is disabled.
2022-05-03 14:21:04 0 [Note] InnoDB: Loading buffer pool(s) from D:\XAMPP\mysql\data\ib_buffer_pool
2022-05-03 14:21:04 0 [Note] Server socket created on IP: '::'.
2022-05-03 14:35:36 0 [Note] InnoDB: Mutexes and rw_locks use Windows interlocked functions
2022-05-03 14:35:36 0 [Note] InnoDB: Uses event mutexes
2022-05-03 14:35:36 0 [Note] InnoDB: Compressed tables use zlib 1.2.11
2022-05-03 14:35:36 0 [Note] InnoDB: Number of pools: 1
2022-05-03 14:35:36 0 [Note] InnoDB: Using SSE2 crc32 instructions
2022-05-03 14:35:36 0 [Note] InnoDB: Initializing buffer pool, total size = 16M, instances = 1, chunk size = 16M
2022-05-03 14:35:36 0 [Note] InnoDB: Completed initialization of buffer pool
2022-05-03 14:35:36 0 [Note] InnoDB: Starting crash recovery from checkpoint LSN=2953698
2022-05-03 14:35:36 0 [Note] InnoDB: 128 out of 128 rollback segments are active.
2022-05-03 14:35:36 0 [Note] InnoDB: Removed temporary tablespace data file: "ibtmp1"
2022-05-03 14:35:36 0 [Note] InnoDB: Creating shared tablespace for temporary tables
2022-05-03 14:35:36 0 [Note] InnoDB: Setting file 'D:\XAMPP\mysql\data\ibtmp1' size to 12 MB. Physically writing the file full; Please wait ...
2022-05-03 14:35:36 0 [Note] InnoDB: File 'D:\XAMPP\mysql\data\ibtmp1' size is now 12 MB.
2022-05-03 14:35:36 0 [Note] InnoDB: Waiting for purge to start
2022-05-03 14:35:36 0 [Note] InnoDB: 10.4.22 started; log sequence number 2953707; transaction id 2712
2022-05-03 14:35:36 0 [Note] InnoDB: Loading buffer pool(s) from D:\XAMPP\mysql\data\ib_buffer_pool
2022-05-03 14:35:36 0 [Note] Plugin 'FEEDBACK' is disabled.
2022-05-03 14:35:36 0 [Note] Server socket created on IP: '::'.
2022-05-03 15:01:13 0 [Note] InnoDB: Mutexes and rw_locks use Windows interlocked functions
2022-05-03 15:01:13 0 [Note] InnoDB: Uses event mutexes
2022-05-03 15:01:13 0 [Note] InnoDB: Compressed tables use zlib 1.2.11
2022-05-03 15:01:13 0 [Note] InnoDB: Number of pools: 1
2022-05-03 15:01:13 0 [Note] InnoDB: Using SSE2 crc32 instructions
2022-05-03 15:01:13 0 [Note] InnoDB: Initializing buffer pool, total size = 16M, instances = 1, chunk size = 16M
2022-05-03 15:01:13 0 [Note] InnoDB: Completed initialization of buffer pool
2022-05-03 15:01:13 0 [Note] InnoDB: Starting crash recovery from checkpoint LSN=2954037
2022-05-03 15:01:13 0 [Note] InnoDB: 128 out of 128 rollback segments are active.
2022-05-03 15:01:13 0 [Note] InnoDB: Removed temporary tablespace data file: "ibtmp1"
2022-05-03 15:01:13 0 [Note] InnoDB: Creating shared tablespace for temporary tables
2022-05-03 15:01:13 0 [Note] InnoDB: Setting file 'D:\XAMPP\mysql\data\ibtmp1' size to 12 MB. Physically writing the file full; Please wait ...
2022-05-03 15:01:13 0 [Note] InnoDB: File 'D:\XAMPP\mysql\data\ibtmp1' size is now 12 MB.
2022-05-03 15:01:13 0 [Note] InnoDB: 10.4.22 started; log sequence number 2954046; transaction id 2719
2022-05-03 15:01:13 0 [Note] InnoDB: Loading buffer pool(s) from D:\XAMPP\mysql\data\ib_buffer_pool
2022-05-03 15:01:13 0 [Note] Plugin 'FEEDBACK' is disabled.
2022-05-03 15:01:13 0 [Note] Server socket created on IP: '::'.
2022-05-03 15:15:46 0 [Note] InnoDB: Mutexes and rw_locks use Windows interlocked functions
2022-05-03 15:15:46 0 [Note] InnoDB: Uses event mutexes
2022-05-03 15:15:46 0 [Note] InnoDB: Compressed tables use zlib 1.2.11
2022-05-03 15:15:46 0 [Note] InnoDB: Number of pools: 1
2022-05-03 15:15:46 0 [Note] InnoDB: Using SSE2 crc32 instructions
2022-05-03 15:15:46 0 [Note] InnoDB: Initializing buffer pool, total size = 16M, instances = 1, chunk size = 16M
2022-05-03 15:15:46 0 [Note] InnoDB: Completed initialization of buffer pool
2022-05-03 15:15:47 0 [Note] InnoDB: 128 out of 128 rollback segments are active.
2022-05-03 15:15:47 0 [Note] InnoDB: Creating shared tablespace for temporary tables
2022-05-03 15:15:47 0 [Note] InnoDB: Setting file 'D:\XAMPP\mysql\data\ibtmp1' size to 12 MB. Physically writing the file full; Please wait ...
2022-05-03 15:15:47 0 [Note] InnoDB: File 'D:\XAMPP\mysql\data\ibtmp1' size is now 12 MB.
2022-05-03 15:15:47 0 [Note] InnoDB: 10.4.22 started; log sequence number 2958947; transaction id 2766
2022-05-03 15:15:47 0 [Note] InnoDB: Loading buffer pool(s) from D:\XAMPP\mysql\data\ib_buffer_pool
2022-05-03 15:15:47 0 [Note] Plugin 'FEEDBACK' is disabled.
2022-05-03 15:15:47 0 [Note] InnoDB: Buffer pool(s) load completed at 220503 15:15:47
2022-05-03 15:15:47 0 [Note] Server socket created on IP: '::'.
2022-05-03 15:16:24 0 [Note] InnoDB: Mutexes and rw_locks use Windows interlocked functions
2022-05-03 15:16:24 0 [Note] InnoDB: Uses event mutexes
2022-05-03 15:16:24 0 [Note] InnoDB: Compressed tables use zlib 1.2.11
2022-05-03 15:16:24 0 [Note] InnoDB: Number of pools: 1
2022-05-03 15:16:24 0 [Note] InnoDB: Using SSE2 crc32 instructions
2022-05-03 15:16:24 0 [Note] InnoDB: Initializing buffer pool, total size = 16M, instances = 1, chunk size = 16M
2022-05-03 15:16:24 0 [Note] InnoDB: Completed initialization of buffer pool
2022-05-03 15:16:24 0 [Note] InnoDB: Starting crash recovery from checkpoint LSN=2959203
2022-05-03 15:16:24 0 [Note] InnoDB: Starting final batch to recover 1 pages from redo log.
2022-05-03 15:16:25 0 [Note] InnoDB: 128 out of 128 rollback segments are active.
2022-05-03 15:16:25 0 [Note] InnoDB: Removed temporary tablespace data file: "ibtmp1"
2022-05-03 15:16:25 0 [Note] InnoDB: Creating shared tablespace for temporary tables
2022-05-03 15:16:25 0 [Note] InnoDB: Setting file 'D:\XAMPP\mysql\data\ibtmp1' size to 12 MB. Physically writing the file full; Please wait ...
2022-05-03 15:16:25 0 [Note] InnoDB: File 'D:\XAMPP\mysql\data\ibtmp1' size is now 12 MB.
2022-05-03 15:16:25 0 [Note] InnoDB: Waiting for purge to start
2022-05-03 15:16:25 0 [Note] InnoDB: 10.4.22 started; log sequence number 2959250; transaction id 2773
2022-05-03 15:16:25 0 [Note] Plugin 'FEEDBACK' is disabled.
2022-05-03 15:16:25 0 [Note] InnoDB: Loading buffer pool(s) from D:\XAMPP\mysql\data\ib_buffer_pool
2022-05-03 15:16:25 0 [Note] InnoDB: Buffer pool(s) load completed at 220503 15:16:25
2022-05-03 15:16:25 0 [Note] Server socket created on IP: '::'.
